0 info it worked if it ends with ok
1 verbose cli [ 'node', '/usr/local/bin/npm', 'install' ]
2 info using npm@1.3.14
3 info using node@v0.10.22
4 verbose readDependencies using package.json deps
5 verbose install where, deps [ '/Users/hiroya/Documents/studentIDReader.js',
5 verbose install   [ 'iconv',
5 verbose install     'node-zip',
5 verbose install     'fs-extra',
5 verbose install     'open',
5 verbose install     'express',
5 verbose install     'websocket.io',
5 verbose install     'xlsx',
5 verbose install     'node-libpafe' ] ]
6 info preinstall studentIDReader.js@0.0.0
7 warn package.json websocket.io@0.2.1 No repository field.
8 verbose readDependencies using package.json deps
9 verbose already installed skipping iconv@2.0.7 /Users/hiroya/Documents/studentIDReader.js
10 verbose already installed skipping node-zip@* /Users/hiroya/Documents/studentIDReader.js
11 verbose already installed skipping fs-extra@0.6.0 /Users/hiroya/Documents/studentIDReader.js
12 verbose already installed skipping open@0.0.3 /Users/hiroya/Documents/studentIDReader.js
13 verbose already installed skipping express@* /Users/hiroya/Documents/studentIDReader.js
14 verbose already installed skipping websocket.io@* /Users/hiroya/Documents/studentIDReader.js
15 verbose already installed skipping xlsx@0.2.7-b /Users/hiroya/Documents/studentIDReader.js
16 verbose cache add [ 'node-libpafe@git://github.com/kubohiroya/node-libpafe.git',
16 verbose cache add   null ]
17 verbose cache add name=undefined spec="node-libpafe@git://github.com/kubohiroya/node-libpafe.git" args=["node-libpafe@git://github.com/kubohiroya/node-libpafe.git",null]
18 verbose parsed url { protocol: null,
18 verbose parsed url   slashes: null,
18 verbose parsed url   auth: null,
18 verbose parsed url   host: null,
18 verbose parsed url   port: null,
18 verbose parsed url   hostname: null,
18 verbose parsed url   hash: null,
18 verbose parsed url   search: null,
18 verbose parsed url   query: null,
18 verbose parsed url   pathname: 'node-libpafe@git://github.com/kubohiroya/node-libpafe.git',
18 verbose parsed url   path: 'node-libpafe@git://github.com/kubohiroya/node-libpafe.git',
18 verbose parsed url   href: 'node-libpafe@git://github.com/kubohiroya/node-libpafe.git' }
19 verbose cache add name="node-libpafe" spec="git://github.com/kubohiroya/node-libpafe.git" args=["node-libpafe","git://github.com/kubohiroya/node-libpafe.git"]
20 verbose parsed url { protocol: 'git:',
20 verbose parsed url   slashes: true,
20 verbose parsed url   auth: null,
20 verbose parsed url   host: 'github.com',
20 verbose parsed url   port: null,
20 verbose parsed url   hostname: 'github.com',
20 verbose parsed url   hash: null,
20 verbose parsed url   search: null,
20 verbose parsed url   query: null,
20 verbose parsed url   pathname: '/kubohiroya/node-libpafe.git',
20 verbose parsed url   path: '/kubohiroya/node-libpafe.git',
20 verbose parsed url   href: 'git://github.com/kubohiroya/node-libpafe.git' }
21 silly lockFile 04396d28--com-kubohiroya-node-libpafe-git git://github.com/kubohiroya/node-libpafe.git
22 verbose lock git://github.com/kubohiroya/node-libpafe.git /Users/hiroya/.npm/04396d28--com-kubohiroya-node-libpafe-git.lock
23 verbose addRemoteGit [ 'git://github.com/kubohiroya/node-libpafe.git', 'master' ]
24 verbose git remote.origin.url git://github.com/kubohiroya/node-libpafe.git
25 verbose git fetch -a origin (git://github.com/kubohiroya/node-libpafe.git)
26 verbose git rev-list -n1 master c2f65e7ad8326473a45a4f1ddb63a6921f0a5436
27 verbose resolved git url git://github.com/kubohiroya/node-libpafe.git#c2f65e7ad8326473a45a4f1ddb63a6921f0a5436
28 verbose tar unpack /var/folders/3y/zny4y1217x95p5zhqx8ld5mh0000gn/T/npm-2101-0jm9e3g_/1387263219812-0.17182390857487917/tmp.tgz
29 silly lockFile 7167e5a1-9812-0-17182390857487917-package tar:///var/folders/3y/zny4y1217x95p5zhqx8ld5mh0000gn/T/npm-2101-0jm9e3g_/1387263219812-0.17182390857487917/package
30 verbose lock tar:///var/folders/3y/zny4y1217x95p5zhqx8ld5mh0000gn/T/npm-2101-0jm9e3g_/1387263219812-0.17182390857487917/package /Users/hiroya/.npm/7167e5a1-9812-0-17182390857487917-package.lock
31 silly lockFile 3a0487b3-9812-0-17182390857487917-tmp-tgz tar:///var/folders/3y/zny4y1217x95p5zhqx8ld5mh0000gn/T/npm-2101-0jm9e3g_/1387263219812-0.17182390857487917/tmp.tgz
32 verbose lock tar:///var/folders/3y/zny4y1217x95p5zhqx8ld5mh0000gn/T/npm-2101-0jm9e3g_/1387263219812-0.17182390857487917/tmp.tgz /Users/hiroya/.npm/3a0487b3-9812-0-17182390857487917-tmp-tgz.lock
33 silly gunzTarPerm modes [ '755', '644' ]
34 silly gunzTarPerm extractEntry
35 silly gunzTarPerm modified mode [ '', 509, 493 ]
36 silly gunzTarPerm extractEntry .gitignore
37 silly gunzTarPerm modified mode [ '.gitignore', 436, 420 ]
38 silly gunzTarPerm extractEntry README.md
39 silly gunzTarPerm modified mode [ 'README.md', 436, 420 ]
40 silly gunzTarPerm extractEntry binding.gyp
41 silly gunzTarPerm modified mode [ 'binding.gyp', 436, 420 ]
42 silly gunzTarPerm extractEntry deps/
43 silly gunzTarPerm modified mode [ 'deps/', 509, 493 ]
44 silly gunzTarPerm extractEntry deps/mac_linux/
45 silly gunzTarPerm modified mode [ 'deps/mac_linux/', 509, 493 ]
46 silly gunzTarPerm extractEntry deps/mac_linux/libpafe/
47 silly gunzTarPerm modified mode [ 'deps/mac_linux/libpafe/', 509, 493 ]
48 silly gunzTarPerm extractEntry deps/mac_linux/libpafe/.gitignore
49 silly gunzTarPerm modified mode [ 'deps/mac_linux/libpafe/.gitignore', 436, 420 ]
50 silly gunzTarPerm extractEntry deps/mac_linux/libpafe/AUTHORS
51 silly gunzTarPerm modified mode [ 'deps/mac_linux/libpafe/AUTHORS', 436, 420 ]
52 silly gunzTarPerm extractEntry deps/mac_linux/libpafe/COPYING
53 silly gunzTarPerm modified mode [ 'deps/mac_linux/libpafe/COPYING', 436, 420 ]
54 silly gunzTarPerm extractEntry deps/mac_linux/libpafe/ChangeLog
55 silly gunzTarPerm modified mode [ 'deps/mac_linux/libpafe/ChangeLog', 436, 420 ]
56 silly gunzTarPerm extractEntry deps/mac_linux/libpafe/INSTALL
57 silly gunzTarPerm modified mode [ 'deps/mac_linux/libpafe/INSTALL', 436, 420 ]
58 silly gunzTarPerm extractEntry deps/mac_linux/libpafe/Makefile.am
59 silly gunzTarPerm modified mode [ 'deps/mac_linux/libpafe/Makefile.am', 436, 420 ]
60 silly gunzTarPerm extractEntry deps/mac_linux/libpafe/Makefile.in
61 silly gunzTarPerm modified mode [ 'deps/mac_linux/libpafe/Makefile.in', 436, 420 ]
62 silly gunzTarPerm extractEntry deps/mac_linux/libpafe/NEWS
63 silly gunzTarPerm modified mode [ 'deps/mac_linux/libpafe/NEWS', 436, 420 ]
64 silly gunzTarPerm extractEntry deps/mac_linux/libpafe/README
65 silly gunzTarPerm modified mode [ 'deps/mac_linux/libpafe/README', 436, 420 ]
66 silly gunzTarPerm extractEntry deps/mac_linux/libpafe/aclocal.m4
67 silly gunzTarPerm modified mode [ 'deps/mac_linux/libpafe/aclocal.m4', 436, 420 ]
68 silly gunzTarPerm extractEntry deps/mac_linux/libpafe/compile
69 silly gunzTarPerm modified mode [ 'deps/mac_linux/libpafe/compile', 436, 420 ]
70 silly gunzTarPerm extractEntry deps/mac_linux/libpafe/config.guess
71 silly gunzTarPerm modified mode [ 'deps/mac_linux/libpafe/config.guess', 509, 493 ]
72 silly gunzTarPerm extractEntry deps/mac_linux/libpafe/config.h.in
73 silly gunzTarPerm modified mode [ 'deps/mac_linux/libpafe/config.h.in', 436, 420 ]
74 silly gunzTarPerm extractEntry deps/mac_linux/libpafe/config.sub
75 silly gunzTarPerm modified mode [ 'deps/mac_linux/libpafe/config.sub', 509, 493 ]
76 silly gunzTarPerm extractEntry deps/mac_linux/libpafe/configure
77 silly gunzTarPerm modified mode [ 'deps/mac_linux/libpafe/configure', 509, 493 ]
78 silly gunzTarPerm extractEntry deps/mac_linux/libpafe/configure.in
79 silly gunzTarPerm modified mode [ 'deps/mac_linux/libpafe/configure.in', 436, 420 ]
80 silly gunzTarPerm extractEntry deps/mac_linux/libpafe/depcomp
81 silly gunzTarPerm modified mode [ 'deps/mac_linux/libpafe/depcomp', 509, 493 ]
82 silly gunzTarPerm extractEntry deps/mac_linux/libpafe/install-sh
83 silly gunzTarPerm modified mode [ 'deps/mac_linux/libpafe/install-sh', 509, 493 ]
84 silly gunzTarPerm extractEntry deps/mac_linux/libpafe/ltmain.sh
85 silly gunzTarPerm modified mode [ 'deps/mac_linux/libpafe/ltmain.sh', 436, 420 ]
86 silly gunzTarPerm extractEntry deps/mac_linux/libpafe/missing
87 silly gunzTarPerm modified mode [ 'deps/mac_linux/libpafe/missing', 509, 493 ]
88 silly gunzTarPerm extractEntry deps/mac_linux/libpafe/mkinstalldirs
89 silly gunzTarPerm modified mode [ 'deps/mac_linux/libpafe/mkinstalldirs', 509, 493 ]
90 silly gunzTarPerm extractEntry deps/mac_linux/libpafe/src/
91 silly gunzTarPerm modified mode [ 'deps/mac_linux/libpafe/src/', 509, 493 ]
92 silly gunzTarPerm extractEntry deps/mac_linux/libpafe/src/Makefile.am
93 silly gunzTarPerm modified mode [ 'deps/mac_linux/libpafe/src/Makefile.am', 436, 420 ]
94 silly gunzTarPerm extractEntry deps/mac_linux/libpafe/src/Makefile.in
95 silly gunzTarPerm modified mode [ 'deps/mac_linux/libpafe/src/Makefile.in', 436, 420 ]
96 silly gunzTarPerm extractEntry deps/mac_linux/libpafe/src/felica_command.c
97 silly gunzTarPerm modified mode [ 'deps/mac_linux/libpafe/src/felica_command.c', 436, 420 ]
98 silly gunzTarPerm extractEntry deps/mac_linux/libpafe/src/felica_command.h
99 silly gunzTarPerm modified mode [ 'deps/mac_linux/libpafe/src/felica_command.h', 436, 420 ]
100 silly gunzTarPerm extractEntry deps/mac_linux/libpafe/src/libpafe.h
101 silly gunzTarPerm modified mode [ 'deps/mac_linux/libpafe/src/libpafe.h', 436, 420 ]
102 silly gunzTarPerm extractEntry deps/mac_linux/libpafe/src/pasori_command.c
103 silly gunzTarPerm modified mode [ 'deps/mac_linux/libpafe/src/pasori_command.c', 436, 420 ]
104 silly gunzTarPerm extractEntry deps/mac_linux/libpafe/src/pasori_command.h
105 silly gunzTarPerm modified mode [ 'deps/mac_linux/libpafe/src/pasori_command.h', 436, 420 ]
106 silly gunzTarPerm extractEntry deps/mac_linux/libusb-1.0.9/
107 silly gunzTarPerm modified mode [ 'deps/mac_linux/libusb-1.0.9/', 509, 493 ]
108 silly gunzTarPerm extractEntry deps/mac_linux/libusb-1.0.9/.gitignore
109 silly gunzTarPerm modified mode [ 'deps/mac_linux/libusb-1.0.9/.gitignore', 436, 420 ]
110 silly gunzTarPerm extractEntry deps/mac_linux/libusb-1.0.9/AUTHORS
111 silly gunzTarPerm modified mode [ 'deps/mac_linux/libusb-1.0.9/AUTHORS', 436, 420 ]
112 silly gunzTarPerm extractEntry deps/mac_linux/libusb-1.0.9/COPYING
113 silly gunzTarPerm modified mode [ 'deps/mac_linux/libusb-1.0.9/COPYING', 436, 420 ]
114 silly gunzTarPerm extractEntry deps/mac_linux/libusb-1.0.9/ChangeLog
115 silly gunzTarPerm modified mode [ 'deps/mac_linux/libusb-1.0.9/ChangeLog', 436, 420 ]
116 silly gunzTarPerm extractEntry deps/mac_linux/libusb-1.0.9/INSTALL
117 silly gunzTarPerm modified mode [ 'deps/mac_linux/libusb-1.0.9/INSTALL', 436, 420 ]
118 silly gunzTarPerm extractEntry deps/mac_linux/libusb-1.0.9/Makefile.am
119 silly gunzTarPerm modified mode [ 'deps/mac_linux/libusb-1.0.9/Makefile.am', 436, 420 ]
120 silly gunzTarPerm extractEntry deps/mac_linux/libusb-1.0.9/Makefile.in
121 silly gunzTarPerm modified mode [ 'deps/mac_linux/libusb-1.0.9/Makefile.in', 436, 420 ]
122 silly gunzTarPerm extractEntry deps/mac_linux/libusb-1.0.9/NEWS
123 silly gunzTarPerm modified mode [ 'deps/mac_linux/libusb-1.0.9/NEWS', 436, 420 ]
124 silly gunzTarPerm extractEntry deps/mac_linux/libusb-1.0.9/PORTING
125 silly gunzTarPerm modified mode [ 'deps/mac_linux/libusb-1.0.9/PORTING', 436, 420 ]
126 silly gunzTarPerm extractEntry deps/mac_linux/libusb-1.0.9/README
127 silly gunzTarPerm modified mode [ 'deps/mac_linux/libusb-1.0.9/README', 436, 420 ]
128 silly gunzTarPerm extractEntry deps/mac_linux/libusb-1.0.9/THANKS
129 silly gunzTarPerm modified mode [ 'deps/mac_linux/libusb-1.0.9/THANKS', 436, 420 ]
130 silly gunzTarPerm extractEntry deps/mac_linux/libusb-1.0.9/TODO
131 silly gunzTarPerm modified mode [ 'deps/mac_linux/libusb-1.0.9/TODO', 436, 420 ]
132 silly gunzTarPerm extractEntry deps/mac_linux/libusb-1.0.9/aclocal.m4
133 silly gunzTarPerm modified mode [ 'deps/mac_linux/libusb-1.0.9/aclocal.m4', 436, 420 ]
134 silly gunzTarPerm extractEntry deps/mac_linux/libusb-1.0.9/compile
135 silly gunzTarPerm modified mode [ 'deps/mac_linux/libusb-1.0.9/compile', 509, 493 ]
136 silly gunzTarPerm extractEntry deps/mac_linux/libusb-1.0.9/config.guess
137 silly gunzTarPerm modified mode [ 'deps/mac_linux/libusb-1.0.9/config.guess', 509, 493 ]
138 silly gunzTarPerm extractEntry deps/mac_linux/libusb-1.0.9/config.h.in
139 silly gunzTarPerm modified mode [ 'deps/mac_linux/libusb-1.0.9/config.h.in', 436, 420 ]
140 silly gunzTarPerm extractEntry deps/mac_linux/libusb-1.0.9/config.sub
141 silly gunzTarPerm modified mode [ 'deps/mac_linux/libusb-1.0.9/config.sub', 509, 493 ]
142 silly gunzTarPerm extractEntry deps/mac_linux/libusb-1.0.9/configure
143 silly gunzTarPerm modified mode [ 'deps/mac_linux/libusb-1.0.9/configure', 509, 493 ]
144 silly gunzTarPerm extractEntry deps/mac_linux/libusb-1.0.9/configure.ac
145 silly gunzTarPerm modified mode [ 'deps/mac_linux/libusb-1.0.9/configure.ac', 436, 420 ]
146 silly gunzTarPerm extractEntry deps/mac_linux/libusb-1.0.9/depcomp
147 silly gunzTarPerm modified mode [ 'deps/mac_linux/libusb-1.0.9/depcomp', 509, 493 ]
148 silly gunzTarPerm extractEntry deps/mac_linux/libusb-1.0.9/doc/
149 silly gunzTarPerm modified mode [ 'deps/mac_linux/libusb-1.0.9/doc/', 509, 493 ]
150 silly gunzTarPerm extractEntry deps/mac_linux/libusb-1.0.9/doc/Makefile.am
151 silly gunzTarPerm modified mode [ 'deps/mac_linux/libusb-1.0.9/doc/Makefile.am', 436, 420 ]
152 silly gunzTarPerm extractEntry deps/mac_linux/libusb-1.0.9/doc/Makefile.in
153 silly gunzTarPerm modified mode [ 'deps/mac_linux/libusb-1.0.9/doc/Makefile.in', 436, 420 ]
154 silly gunzTarPerm extractEntry deps/mac_linux/libusb-1.0.9/doc/doxygen.cfg.in
155 silly gunzTarPerm modified mode [ 'deps/mac_linux/libusb-1.0.9/doc/doxygen.cfg.in', 436, 420 ]
156 silly gunzTarPerm extractEntry deps/mac_linux/libusb-1.0.9/examples/
157 silly gunzTarPerm modified mode [ 'deps/mac_linux/libusb-1.0.9/examples/', 509, 493 ]
158 silly gunzTarPerm extractEntry deps/mac_linux/libusb-1.0.9/examples/Makefile.am
159 silly gunzTarPerm modified mode [ 'deps/mac_linux/libusb-1.0.9/examples/Makefile.am', 436, 420 ]
160 silly gunzTarPerm extractEntry deps/mac_linux/libusb-1.0.9/examples/Makefile.in
161 silly gunzTarPerm modified mode [ 'deps/mac_linux/libusb-1.0.9/examples/Makefile.in', 436, 420 ]
162 silly gunzTarPerm extractEntry deps/mac_linux/libusb-1.0.9/examples/dpfp.c
163 silly gunzTarPerm modified mode [ 'deps/mac_linux/libusb-1.0.9/examples/dpfp.c', 436, 420 ]
164 silly gunzTarPerm extractEntry deps/mac_linux/libusb-1.0.9/examples/dpfp_threaded.c
165 silly gunzTarPerm modified mode [ 'deps/mac_linux/libusb-1.0.9/examples/dpfp_threaded.c',
165 silly gunzTarPerm   436,
165 silly gunzTarPerm   420 ]
166 silly gunzTarPerm extractEntry deps/mac_linux/libusb-1.0.9/examples/listdevs.c
167 silly gunzTarPerm modified mode [ 'deps/mac_linux/libusb-1.0.9/examples/listdevs.c', 436, 420 ]
168 silly gunzTarPerm extractEntry deps/mac_linux/libusb-1.0.9/install-sh
169 silly gunzTarPerm modified mode [ 'deps/mac_linux/libusb-1.0.9/install-sh', 509, 493 ]
170 silly gunzTarPerm extractEntry deps/mac_linux/libusb-1.0.9/libusb-1.0.pc.in
171 silly gunzTarPerm modified mode [ 'deps/mac_linux/libusb-1.0.9/libusb-1.0.pc.in', 436, 420 ]
172 silly gunzTarPerm extractEntry deps/mac_linux/libusb-1.0.9/libusb/
173 silly gunzTarPerm modified mode [ 'deps/mac_linux/libusb-1.0.9/libusb/', 509, 493 ]
174 silly gunzTarPerm extractEntry deps/mac_linux/libusb-1.0.9/libusb/Makefile.am
175 silly gunzTarPerm modified mode [ 'deps/mac_linux/libusb-1.0.9/libusb/Makefile.am', 436, 420 ]
176 silly gunzTarPerm extractEntry deps/mac_linux/libusb-1.0.9/libusb/Makefile.in
177 silly gunzTarPerm modified mode [ 'deps/mac_linux/libusb-1.0.9/libusb/Makefile.in', 436, 420 ]
178 silly gunzTarPerm extractEntry deps/mac_linux/libusb-1.0.9/libusb/core.c
179 silly gunzTarPerm modified mode [ 'deps/mac_linux/libusb-1.0.9/libusb/core.c', 436, 420 ]
180 silly gunzTarPerm extractEntry deps/mac_linux/libusb-1.0.9/libusb/descriptor.c
181 silly gunzTarPerm modified mode [ 'deps/mac_linux/libusb-1.0.9/libusb/descriptor.c', 436, 420 ]
182 silly gunzTarPerm extractEntry deps/mac_linux/libusb-1.0.9/libusb/io.c
183 silly gunzTarPerm modified mode [ 'deps/mac_linux/libusb-1.0.9/libusb/io.c', 436, 420 ]
184 silly gunzTarPerm extractEntry deps/mac_linux/libusb-1.0.9/libusb/libusb-1.0.def
185 silly gunzTarPerm modified mode [ 'deps/mac_linux/libusb-1.0.9/libusb/libusb-1.0.def', 436, 420 ]
186 silly gunzTarPerm extractEntry deps/mac_linux/libusb-1.0.9/libusb/libusb-1.0.rc
187 silly gunzTarPerm modified mode [ 'deps/mac_linux/libusb-1.0.9/libusb/libusb-1.0.rc', 436, 420 ]
188 silly gunzTarPerm extractEntry deps/mac_linux/libusb-1.0.9/libusb/libusb.h
189 silly gunzTarPerm modified mode [ 'deps/mac_linux/libusb-1.0.9/libusb/libusb.h', 436, 420 ]
190 silly gunzTarPerm extractEntry deps/mac_linux/libusb-1.0.9/libusb/libusbi.h
191 silly gunzTarPerm modified mode [ 'deps/mac_linux/libusb-1.0.9/libusb/libusbi.h', 436, 420 ]
192 silly gunzTarPerm extractEntry deps/mac_linux/libusb-1.0.9/libusb/os/
193 silly gunzTarPerm modified mode [ 'deps/mac_linux/libusb-1.0.9/libusb/os/', 509, 493 ]
194 silly gunzTarPerm extractEntry deps/mac_linux/libusb-1.0.9/libusb/os/darwin_usb.c
195 silly gunzTarPerm modified mode [ 'deps/mac_linux/libusb-1.0.9/libusb/os/darwin_usb.c',
195 silly gunzTarPerm   436,
195 silly gunzTarPerm   420 ]
196 silly gunzTarPerm extractEntry deps/mac_linux/libusb-1.0.9/libusb/os/darwin_usb.h
197 silly gunzTarPerm modified mode [ 'deps/mac_linux/libusb-1.0.9/libusb/os/darwin_usb.h',
197 silly gunzTarPerm   436,
197 silly gunzTarPerm   420 ]
198 silly gunzTarPerm extractEntry deps/mac_linux/libusb-1.0.9/libusb/os/linux_usbfs.c
199 silly gunzTarPerm modified mode [ 'deps/mac_linux/libusb-1.0.9/libusb/os/linux_usbfs.c',
199 silly gunzTarPerm   436,
199 silly gunzTarPerm   420 ]
200 silly gunzTarPerm extractEntry deps/mac_linux/libusb-1.0.9/libusb/os/linux_usbfs.h
201 silly gunzTarPerm modified mode [ 'deps/mac_linux/libusb-1.0.9/libusb/os/linux_usbfs.h',
201 silly gunzTarPerm   436,
201 silly gunzTarPerm   420 ]
202 silly gunzTarPerm extractEntry deps/mac_linux/libusb-1.0.9/libusb/os/openbsd_usb.c
203 silly gunzTarPerm modified mode [ 'deps/mac_linux/libusb-1.0.9/libusb/os/openbsd_usb.c',
203 silly gunzTarPerm   436,
203 silly gunzTarPerm   420 ]
204 silly gunzTarPerm extractEntry deps/mac_linux/libusb-1.0.9/libusb/os/poll_posix.h
205 silly gunzTarPerm modified mode [ 'deps/mac_linux/libusb-1.0.9/libusb/os/poll_posix.h',
205 silly gunzTarPerm   436,
205 silly gunzTarPerm   420 ]
206 silly gunzTarPerm extractEntry deps/mac_linux/libusb-1.0.9/libusb/os/poll_windows.c
207 silly gunzTarPerm modified mode [ 'deps/mac_linux/libusb-1.0.9/libusb/os/poll_windows.c',
207 silly gunzTarPerm   436,
207 silly gunzTarPerm   420 ]
208 silly gunzTarPerm extractEntry deps/mac_linux/libusb-1.0.9/libusb/os/poll_windows.h
209 silly gunzTarPerm modified mode [ 'deps/mac_linux/libusb-1.0.9/libusb/os/poll_windows.h',
209 silly gunzTarPerm   436,
209 silly gunzTarPerm   420 ]
210 silly gunzTarPerm extractEntry deps/mac_linux/libusb-1.0.9/libusb/os/threads_posix.c
211 silly gunzTarPerm modified mode [ 'deps/mac_linux/libusb-1.0.9/libusb/os/threads_posix.c',
211 silly gunzTarPerm   436,
211 silly gunzTarPerm   420 ]
212 silly gunzTarPerm extractEntry deps/mac_linux/libusb-1.0.9/libusb/os/threads_posix.h
213 silly gunzTarPerm modified mode [ 'deps/mac_linux/libusb-1.0.9/libusb/os/threads_posix.h',
213 silly gunzTarPerm   436,
213 silly gunzTarPerm   420 ]
214 silly gunzTarPerm extractEntry deps/mac_linux/libusb-1.0.9/libusb/os/threads_windows.c
215 silly gunzTarPerm modified mode [ 'deps/mac_linux/libusb-1.0.9/libusb/os/threads_windows.c',
215 silly gunzTarPerm   436,
215 silly gunzTarPerm   420 ]
216 silly gunzTarPerm extractEntry deps/mac_linux/libusb-1.0.9/libusb/os/threads_windows.h
217 silly gunzTarPerm modified mode [ 'deps/mac_linux/libusb-1.0.9/libusb/os/threads_windows.h',
217 silly gunzTarPerm   436,
217 silly gunzTarPerm   420 ]
218 silly gunzTarPerm extractEntry deps/mac_linux/libusb-1.0.9/libusb/os/windows_usb.c
219 silly gunzTarPerm modified mode [ 'deps/mac_linux/libusb-1.0.9/libusb/os/windows_usb.c',
219 silly gunzTarPerm   436,
219 silly gunzTarPerm   420 ]
220 silly gunzTarPerm extractEntry deps/mac_linux/libusb-1.0.9/libusb/os/windows_usb.h
221 silly gunzTarPerm modified mode [ 'deps/mac_linux/libusb-1.0.9/libusb/os/windows_usb.h',
221 silly gunzTarPerm   436,
221 silly gunzTarPerm   420 ]
222 silly gunzTarPerm extractEntry deps/mac_linux/libusb-1.0.9/libusb/sync.c
223 silly gunzTarPerm modified mode [ 'deps/mac_linux/libusb-1.0.9/libusb/sync.c', 436, 420 ]
224 silly gunzTarPerm extractEntry deps/mac_linux/libusb-1.0.9/libusb/version.h
225 silly gunzTarPerm modified mode [ 'deps/mac_linux/libusb-1.0.9/libusb/version.h', 436, 420 ]
226 silly gunzTarPerm extractEntry deps/mac_linux/libusb-1.0.9/ltmain.sh
227 silly gunzTarPerm modified mode [ 'deps/mac_linux/libusb-1.0.9/ltmain.sh', 509, 493 ]
228 silly gunzTarPerm extractEntry deps/mac_linux/libusb-1.0.9/missing
229 silly gunzTarPerm modified mode [ 'deps/mac_linux/libusb-1.0.9/missing', 509, 493 ]
230 silly gunzTarPerm extractEntry deps/mac_linux/libusb-1.0.9/msvc/
231 silly gunzTarPerm modified mode [ 'deps/mac_linux/libusb-1.0.9/msvc/', 509, 493 ]
232 silly gunzTarPerm extractEntry deps/mac_linux/libusb-1.0.9/msvc/config.h
233 silly gunzTarPerm modified mode [ 'deps/mac_linux/libusb-1.0.9/msvc/config.h', 436, 420 ]
234 silly gunzTarPerm extractEntry deps/mac_linux/libusb-1.0.9/msvc/ddk_build.cmd
235 silly gunzTarPerm modified mode [ 'deps/mac_linux/libusb-1.0.9/msvc/ddk_build.cmd', 436, 420 ]
236 silly gunzTarPerm extractEntry deps/mac_linux/libusb-1.0.9/msvc/inttypes.h
237 silly gunzTarPerm modified mode [ 'deps/mac_linux/libusb-1.0.9/msvc/inttypes.h', 436, 420 ]
238 silly gunzTarPerm extractEntry deps/mac_linux/libusb-1.0.9/msvc/libusb.dsw
239 silly gunzTarPerm modified mode [ 'deps/mac_linux/libusb-1.0.9/msvc/libusb.dsw', 436, 420 ]
240 silly gunzTarPerm extractEntry deps/mac_linux/libusb-1.0.9/msvc/libusb_dll.dsp
241 silly gunzTarPerm modified mode [ 'deps/mac_linux/libusb-1.0.9/msvc/libusb_dll.dsp', 436, 420 ]
242 silly gunzTarPerm extractEntry deps/mac_linux/libusb-1.0.9/msvc/libusb_dll.vcproj
243 silly gunzTarPerm modified mode [ 'deps/mac_linux/libusb-1.0.9/msvc/libusb_dll.vcproj',
243 silly gunzTarPerm   436,
243 silly gunzTarPerm   420 ]
244 silly gunzTarPerm extractEntry deps/mac_linux/libusb-1.0.9/msvc/libusb_dll.vcxproj
245 silly gunzTarPerm modified mode [ 'deps/mac_linux/libusb-1.0.9/msvc/libusb_dll.vcxproj',
245 silly gunzTarPerm   436,
245 silly gunzTarPerm   420 ]
246 silly gunzTarPerm extractEntry deps/mac_linux/libusb-1.0.9/msvc/libusb_dll.vcxproj.filters
247 silly gunzTarPerm modified mode [ 'deps/mac_linux/libusb-1.0.9/msvc/libusb_dll.vcxproj.filters',
247 silly gunzTarPerm   436,
247 silly gunzTarPerm   420 ]
248 silly gunzTarPerm extractEntry deps/mac_linux/libusb-1.0.9/msvc/libusb_sources
249 silly gunzTarPerm modified mode [ 'deps/mac_linux/libusb-1.0.9/msvc/libusb_sources', 436, 420 ]
250 silly gunzTarPerm extractEntry deps/mac_linux/libusb-1.0.9/msvc/libusb_static.dsp
251 silly gunzTarPerm modified mode [ 'deps/mac_linux/libusb-1.0.9/msvc/libusb_static.dsp',
251 silly gunzTarPerm   436,
251 silly gunzTarPerm   420 ]
252 silly gunzTarPerm extractEntry deps/mac_linux/libusb-1.0.9/msvc/libusb_static.vcproj
253 silly gunzTarPerm modified mode [ 'deps/mac_linux/libusb-1.0.9/msvc/libusb_static.vcproj',
253 silly gunzTarPerm   436,
253 silly gunzTarPerm   420 ]
254 silly gunzTarPerm extractEntry deps/mac_linux/libusb-1.0.9/msvc/libusb_static.vcxproj
255 silly gunzTarPerm modified mode [ 'deps/mac_linux/libusb-1.0.9/msvc/libusb_static.vcxproj',
255 silly gunzTarPerm   436,
255 silly gunzTarPerm   420 ]
256 silly gunzTarPerm extractEntry deps/mac_linux/libusb-1.0.9/msvc/libusb_static.vcxproj.filters
257 silly gunzTarPerm modified mode [ 'deps/mac_linux/libusb-1.0.9/msvc/libusb_static.vcxproj.filters',
257 silly gunzTarPerm   436,
257 silly gunzTarPerm   420 ]
258 silly gunzTarPerm extractEntry deps/mac_linux/libusb-1.0.9/msvc/libusb_vs2005.sln
259 silly gunzTarPerm modified mode [ 'deps/mac_linux/libusb-1.0.9/msvc/libusb_vs2005.sln',
259 silly gunzTarPerm   436,
259 silly gunzTarPerm   420 ]
260 silly gunzTarPerm extractEntry deps/mac_linux/libusb-1.0.9/msvc/libusb_vs2010.sln
261 silly gunzTarPerm modified mode [ 'deps/mac_linux/libusb-1.0.9/msvc/libusb_vs2010.sln',
261 silly gunzTarPerm   436,
261 silly gunzTarPerm   420 ]
262 silly gunzTarPerm extractEntry deps/mac_linux/libusb-1.0.9/msvc/listdevs.dsp
263 silly gunzTarPerm modified mode [ 'deps/mac_linux/libusb-1.0.9/msvc/listdevs.dsp', 436, 420 ]
264 silly gunzTarPerm extractEntry deps/mac_linux/libusb-1.0.9/msvc/listdevs.vcproj
265 silly gunzTarPerm modified mode [ 'deps/mac_linux/libusb-1.0.9/msvc/listdevs.vcproj', 436, 420 ]
266 silly gunzTarPerm extractEntry deps/mac_linux/libusb-1.0.9/msvc/listdevs.vcxproj
267 silly gunzTarPerm modified mode [ 'deps/mac_linux/libusb-1.0.9/msvc/listdevs.vcxproj', 436, 420 ]
268 silly gunzTarPerm extractEntry deps/mac_linux/libusb-1.0.9/msvc/listdevs.vcxproj.filters
269 silly gunzTarPerm modified mode [ 'deps/mac_linux/libusb-1.0.9/msvc/listdevs.vcxproj.filters',
269 silly gunzTarPerm   436,
269 silly gunzTarPerm   420 ]
270 silly gunzTarPerm extractEntry deps/mac_linux/libusb-1.0.9/msvc/listdevs_sources
271 silly gunzTarPerm modified mode [ 'deps/mac_linux/libusb-1.0.9/msvc/listdevs_sources', 436, 420 ]
272 silly gunzTarPerm extractEntry deps/mac_linux/libusb-1.0.9/msvc/stdint.h
273 silly gunzTarPerm modified mode [ 'deps/mac_linux/libusb-1.0.9/msvc/stdint.h', 436, 420 ]
274 silly gunzTarPerm extractEntry deps/win/
275 silly gunzTarPerm modified mode [ 'deps/win/', 509, 493 ]
276 silly gunzTarPerm extractEntry deps/win/felicalib/
277 silly gunzTarPerm modified mode [ 'deps/win/felicalib/', 509, 493 ]
278 silly gunzTarPerm extractEntry deps/win/felicalib/felicaint.h
279 silly gunzTarPerm modified mode [ 'deps/win/felicalib/felicaint.h', 436, 420 ]
280 silly gunzTarPerm extractEntry deps/win/felicalib/felicalib.c
281 silly gunzTarPerm modified mode [ 'deps/win/felicalib/felicalib.c', 436, 420 ]
282 silly gunzTarPerm extractEntry deps/win/felicalib/felicalib.h
283 silly gunzTarPerm modified mode [ 'deps/win/felicalib/felicalib.h', 436, 420 ]
284 silly gunzTarPerm extractEntry deps/win/include/
285 silly gunzTarPerm modified mode [ 'deps/win/include/', 509, 493 ]
286 silly gunzTarPerm extractEntry deps/win/include/pasori_open_multi.h
287 silly gunzTarPerm modified mode [ 'deps/win/include/pasori_open_multi.h', 436, 420 ]
288 silly gunzTarPerm extractEntry deps/win/pasori_open_multi.c
289 silly gunzTarPerm modified mode [ 'deps/win/pasori_open_multi.c', 436, 420 ]
290 silly gunzTarPerm extractEntry felica.cc
291 silly gunzTarPerm modified mode [ 'felica.cc', 436, 420 ]
292 silly gunzTarPerm extractEntry felica.h
293 silly gunzTarPerm modified mode [ 'felica.h', 436, 420 ]
294 silly gunzTarPerm extractEntry log.txt
295 silly gunzTarPerm modified mode [ 'log.txt', 436, 420 ]
296 silly gunzTarPerm extractEntry package.json
297 silly gunzTarPerm modified mode [ 'package.json', 436, 420 ]
298 silly gunzTarPerm extractEntry pafe.cc
299 silly gunzTarPerm modified mode [ 'pafe.cc', 436, 420 ]
300 silly gunzTarPerm extractEntry pasori.cc
301 silly gunzTarPerm modified mode [ 'pasori.cc', 436, 420 ]
302 silly gunzTarPerm extractEntry pasori.h
303 silly gunzTarPerm modified mode [ 'pasori.h', 436, 420 ]
304 silly gunzTarPerm extractEntry test.js
305 silly gunzTarPerm modified mode [ 'test.js', 436, 420 ]
306 silly lockFile 7167e5a1-9812-0-17182390857487917-package tar:///var/folders/3y/zny4y1217x95p5zhqx8ld5mh0000gn/T/npm-2101-0jm9e3g_/1387263219812-0.17182390857487917/package
307 silly lockFile 7167e5a1-9812-0-17182390857487917-package tar:///var/folders/3y/zny4y1217x95p5zhqx8ld5mh0000gn/T/npm-2101-0jm9e3g_/1387263219812-0.17182390857487917/package
308 silly lockFile 3a0487b3-9812-0-17182390857487917-tmp-tgz tar:///var/folders/3y/zny4y1217x95p5zhqx8ld5mh0000gn/T/npm-2101-0jm9e3g_/1387263219812-0.17182390857487917/tmp.tgz
309 silly lockFile 3a0487b3-9812-0-17182390857487917-tmp-tgz tar:///var/folders/3y/zny4y1217x95p5zhqx8ld5mh0000gn/T/npm-2101-0jm9e3g_/1387263219812-0.17182390857487917/tmp.tgz
310 verbose tar pack [ '/Users/hiroya/.npm/node-libpafe/0.0.1/package.tgz',
310 verbose tar pack   '/var/folders/3y/zny4y1217x95p5zhqx8ld5mh0000gn/T/npm-2101-0jm9e3g_/1387263219812-0.17182390857487917/package' ]
311 verbose tarball /Users/hiroya/.npm/node-libpafe/0.0.1/package.tgz
312 verbose folder /var/folders/3y/zny4y1217x95p5zhqx8ld5mh0000gn/T/npm-2101-0jm9e3g_/1387263219812-0.17182390857487917/package
313 silly lockFile 7167e5a1-9812-0-17182390857487917-package tar:///var/folders/3y/zny4y1217x95p5zhqx8ld5mh0000gn/T/npm-2101-0jm9e3g_/1387263219812-0.17182390857487917/package
314 verbose lock tar:///var/folders/3y/zny4y1217x95p5zhqx8ld5mh0000gn/T/npm-2101-0jm9e3g_/1387263219812-0.17182390857487917/package /Users/hiroya/.npm/7167e5a1-9812-0-17182390857487917-package.lock
315 silly lockFile 0b1bcf3c-m-node-libpafe-0-0-1-package-tgz tar:///Users/hiroya/.npm/node-libpafe/0.0.1/package.tgz
316 verbose lock tar:///Users/hiroya/.npm/node-libpafe/0.0.1/package.tgz /Users/hiroya/.npm/0b1bcf3c-m-node-libpafe-0-0-1-package-tgz.lock
317 silly lockFile 7167e5a1-9812-0-17182390857487917-package tar:///var/folders/3y/zny4y1217x95p5zhqx8ld5mh0000gn/T/npm-2101-0jm9e3g_/1387263219812-0.17182390857487917/package
318 silly lockFile 7167e5a1-9812-0-17182390857487917-package tar:///var/folders/3y/zny4y1217x95p5zhqx8ld5mh0000gn/T/npm-2101-0jm9e3g_/1387263219812-0.17182390857487917/package
319 silly lockFile 0b1bcf3c-m-node-libpafe-0-0-1-package-tgz tar:///Users/hiroya/.npm/node-libpafe/0.0.1/package.tgz
320 silly lockFile 0b1bcf3c-m-node-libpafe-0-0-1-package-tgz tar:///Users/hiroya/.npm/node-libpafe/0.0.1/package.tgz
321 silly lockFile 6ecdb93b-a-npm-node-libpafe-0-0-1-package /Users/hiroya/.npm/node-libpafe/0.0.1/package
322 verbose lock /Users/hiroya/.npm/node-libpafe/0.0.1/package /Users/hiroya/.npm/6ecdb93b-a-npm-node-libpafe-0-0-1-package.lock
323 silly lockFile 6ecdb93b-a-npm-node-libpafe-0-0-1-package /Users/hiroya/.npm/node-libpafe/0.0.1/package
324 silly lockFile 6ecdb93b-a-npm-node-libpafe-0-0-1-package /Users/hiroya/.npm/node-libpafe/0.0.1/package
325 verbose tar unpack /Users/hiroya/.npm/node-libpafe/0.0.1/package.tgz
326 silly lockFile d7168eda-a-npm-node-libpafe-0-0-1-package tar:///Users/hiroya/.npm/node-libpafe/0.0.1/package
327 verbose lock tar:///Users/hiroya/.npm/node-libpafe/0.0.1/package /Users/hiroya/.npm/d7168eda-a-npm-node-libpafe-0-0-1-package.lock
328 silly lockFile 0b1bcf3c-m-node-libpafe-0-0-1-package-tgz tar:///Users/hiroya/.npm/node-libpafe/0.0.1/package.tgz
329 verbose lock tar:///Users/hiroya/.npm/node-libpafe/0.0.1/package.tgz /Users/hiroya/.npm/0b1bcf3c-m-node-libpafe-0-0-1-package-tgz.lock
330 silly gunzTarPerm modes [ '755', '644' ]
331 silly gunzTarPerm extractEntry package.json
332 silly gunzTarPerm extractEntry .npmignore
333 silly gunzTarPerm extractEntry README.md
334 silly gunzTarPerm extractEntry test.js
335 silly gunzTarPerm extractEntry felica.cc
336 silly gunzTarPerm extractEntry felica.h
337 silly gunzTarPerm extractEntry deps/mac_linux/libpafe/.npmignore
338 silly gunzTarPerm extractEntry deps/mac_linux/libpafe/README
339 silly gunzTarPerm extractEntry deps/mac_linux/libpafe/COPYING
340 silly gunzTarPerm extractEntry deps/mac_linux/libpafe/ChangeLog
341 silly gunzTarPerm extractEntry deps/mac_linux/libpafe/INSTALL
342 silly gunzTarPerm extractEntry deps/mac_linux/libpafe/Makefile.am
343 silly gunzTarPerm extractEntry deps/mac_linux/libpafe/Makefile.in
344 silly gunzTarPerm extractEntry deps/mac_linux/libpafe/NEWS
345 silly gunzTarPerm extractEntry deps/mac_linux/libpafe/src/Makefile.am
346 silly gunzTarPerm extractEntry deps/mac_linux/libpafe/src/Makefile.in
347 silly gunzTarPerm extractEntry deps/mac_linux/libpafe/src/felica_command.c
348 silly gunzTarPerm extractEntry deps/mac_linux/libpafe/src/felica_command.h
349 silly gunzTarPerm extractEntry deps/mac_linux/libpafe/src/libpafe.h
350 silly gunzTarPerm extractEntry deps/mac_linux/libpafe/src/pasori_command.c
351 silly gunzTarPerm extractEntry deps/mac_linux/libpafe/src/pasori_command.h
352 silly gunzTarPerm extractEntry deps/mac_linux/libpafe/aclocal.m4
353 silly gunzTarPerm extractEntry deps/mac_linux/libpafe/compile
354 silly gunzTarPerm extractEntry deps/mac_linux/libpafe/AUTHORS
355 silly gunzTarPerm extractEntry deps/mac_linux/libpafe/config.h.in
356 silly gunzTarPerm extractEntry deps/mac_linux/libpafe/config.sub
357 silly gunzTarPerm extractEntry deps/mac_linux/libpafe/configure
358 silly gunzTarPerm extractEntry deps/mac_linux/libpafe/configure.in
359 silly gunzTarPerm extractEntry deps/mac_linux/libpafe/depcomp
360 silly gunzTarPerm extractEntry deps/mac_linux/libpafe/install-sh
361 silly gunzTarPerm extractEntry deps/mac_linux/libpafe/ltmain.sh
362 silly gunzTarPerm extractEntry deps/mac_linux/libpafe/missing
363 silly gunzTarPerm extractEntry deps/mac_linux/libpafe/mkinstalldirs
364 silly gunzTarPerm extractEntry deps/mac_linux/libpafe/config.guess
365 silly gunzTarPerm extractEntry deps/mac_linux/libusb-1.0.9/.npmignore
366 silly gunzTarPerm extractEntry deps/mac_linux/libusb-1.0.9/README
367 silly gunzTarPerm extractEntry deps/mac_linux/libusb-1.0.9/COPYING
368 silly gunzTarPerm extractEntry deps/mac_linux/libusb-1.0.9/INSTALL
369 silly gunzTarPerm extractEntry deps/mac_linux/libusb-1.0.9/Makefile.am
370 silly gunzTarPerm extractEntry deps/mac_linux/libusb-1.0.9/NEWS
371 silly gunzTarPerm extractEntry deps/mac_linux/libusb-1.0.9/PORTING
372 silly gunzTarPerm extractEntry deps/mac_linux/libusb-1.0.9/msvc/libusb_static.vcproj
373 silly gunzTarPerm extractEntry deps/mac_linux/libusb-1.0.9/msvc/config.h
374 silly gunzTarPerm extractEntry deps/mac_linux/libusb-1.0.9/msvc/inttypes.h
375 silly gunzTarPerm extractEntry deps/mac_linux/libusb-1.0.9/msvc/libusb.dsw
376 silly gunzTarPerm extractEntry deps/mac_linux/libusb-1.0.9/msvc/libusb_dll.dsp
377 silly gunzTarPerm extractEntry deps/mac_linux/libusb-1.0.9/msvc/libusb_dll.vcproj
378 silly gunzTarPerm extractEntry deps/mac_linux/libusb-1.0.9/msvc/libusb_dll.vcxproj
379 silly gunzTarPerm extractEntry deps/mac_linux/libusb-1.0.9/msvc/libusb_dll.vcxproj.filters
380 silly gunzTarPerm extractEntry deps/mac_linux/libusb-1.0.9/msvc/libusb_sources
381 silly gunzTarPerm extractEntry deps/mac_linux/libusb-1.0.9/msvc/libusb_static.dsp
382 silly gunzTarPerm extractEntry deps/mac_linux/libusb-1.0.9/msvc/ddk_build.cmd
383 silly gunzTarPerm extractEntry deps/mac_linux/libusb-1.0.9/msvc/libusb_static.vcxproj
384 silly gunzTarPerm extractEntry deps/mac_linux/libusb-1.0.9/msvc/libusb_static.vcxproj.filters
385 silly gunzTarPerm extractEntry deps/mac_linux/libusb-1.0.9/msvc/libusb_vs2005.sln
386 silly gunzTarPerm extractEntry deps/mac_linux/libusb-1.0.9/msvc/libusb_vs2010.sln
387 silly gunzTarPerm extractEntry deps/mac_linux/libusb-1.0.9/msvc/listdevs.dsp
388 silly gunzTarPerm extractEntry deps/mac_linux/libusb-1.0.9/msvc/listdevs.vcproj
389 silly gunzTarPerm extractEntry deps/mac_linux/libusb-1.0.9/msvc/listdevs.vcxproj
390 silly gunzTarPerm extractEntry deps/mac_linux/libusb-1.0.9/msvc/listdevs.vcxproj.filters
391 silly gunzTarPerm extractEntry deps/mac_linux/libusb-1.0.9/msvc/listdevs_sources
392 silly gunzTarPerm extractEntry deps/mac_linux/libusb-1.0.9/msvc/stdint.h
393 silly gunzTarPerm extractEntry deps/mac_linux/libusb-1.0.9/AUTHORS
394 silly gunzTarPerm extractEntry deps/mac_linux/libusb-1.0.9/TODO
395 silly gunzTarPerm extractEntry deps/mac_linux/libusb-1.0.9/configure.ac
396 silly gunzTarPerm extractEntry deps/mac_linux/libusb-1.0.9/doc/Makefile.am
397 silly gunzTarPerm extractEntry deps/mac_linux/libusb-1.0.9/doc/doxygen.cfg.in
398 silly gunzTarPerm extractEntry deps/mac_linux/libusb-1.0.9/examples/Makefile.am
399 silly gunzTarPerm extractEntry deps/mac_linux/libusb-1.0.9/examples/dpfp.c
400 silly gunzTarPerm extractEntry deps/mac_linux/libusb-1.0.9/examples/dpfp_threaded.c
401 silly gunzTarPerm extractEntry deps/mac_linux/libusb-1.0.9/examples/listdevs.c
402 silly gunzTarPerm extractEntry deps/mac_linux/libusb-1.0.9/libusb/libusb-1.0.rc
403 silly gunzTarPerm extractEntry deps/mac_linux/libusb-1.0.9/libusb/Makefile.am
404 silly gunzTarPerm extractEntry deps/mac_linux/libusb-1.0.9/libusb/descriptor.c
405 silly gunzTarPerm extractEntry deps/mac_linux/libusb-1.0.9/libusb/io.c
406 silly gunzTarPerm extractEntry deps/mac_linux/libusb-1.0.9/libusb/libusb-1.0.def
407 silly gunzTarPerm extractEntry deps/mac_linux/libusb-1.0.9/libusb/core.c
408 silly gunzTarPerm extractEntry deps/mac_linux/libusb-1.0.9/libusb/libusb.h
409 silly gunzTarPerm extractEntry deps/mac_linux/libusb-1.0.9/libusb/libusbi.h
410 silly gunzTarPerm extractEntry deps/mac_linux/libusb-1.0.9/libusb/os/poll_windows.h
411 silly gunzTarPerm extractEntry deps/mac_linux/libusb-1.0.9/libusb/os/darwin_usb.c
412 silly gunzTarPerm extractEntry deps/mac_linux/libusb-1.0.9/libusb/os/linux_usbfs.c
413 silly gunzTarPerm extractEntry deps/mac_linux/libusb-1.0.9/libusb/os/linux_usbfs.h
414 silly gunzTarPerm extractEntry deps/mac_linux/libusb-1.0.9/libusb/os/openbsd_usb.c
415 silly gunzTarPerm extractEntry deps/mac_linux/libusb-1.0.9/libusb/os/poll_posix.h
416 silly gunzTarPerm extractEntry deps/mac_linux/libusb-1.0.9/libusb/os/poll_windows.c
417 silly gunzTarPerm extractEntry deps/mac_linux/libusb-1.0.9/libusb/os/darwin_usb.h
418 silly gunzTarPerm extractEntry deps/mac_linux/libusb-1.0.9/libusb/os/threads_posix.c
419 silly gunzTarPerm extractEntry deps/mac_linux/libusb-1.0.9/libusb/os/threads_posix.h
420 silly gunzTarPerm extractEntry deps/mac_linux/libusb-1.0.9/libusb/os/threads_windows.c
421 silly gunzTarPerm extractEntry deps/mac_linux/libusb-1.0.9/libusb/os/threads_windows.h
422 silly gunzTarPerm extractEntry deps/mac_linux/libusb-1.0.9/libusb/os/windows_usb.c
423 silly gunzTarPerm extractEntry deps/mac_linux/libusb-1.0.9/libusb/os/windows_usb.h
424 silly gunzTarPerm extractEntry deps/mac_linux/libusb-1.0.9/libusb/sync.c
425 silly gunzTarPerm extractEntry deps/mac_linux/libusb-1.0.9/libusb/version.h
426 silly gunzTarPerm extractEntry deps/mac_linux/libusb-1.0.9/libusb-1.0.pc.in
427 silly gunzTarPerm extractEntry deps/mac_linux/libusb-1.0.9/THANKS
428 silly gunzTarPerm extractEntry deps/win/felicalib/felicaint.h
429 silly gunzTarPerm extractEntry deps/win/felicalib/felicalib.c
430 silly gunzTarPerm extractEntry deps/win/felicalib/felicalib.h
431 silly gunzTarPerm extractEntry deps/win/include/pasori_open_multi.h
432 silly gunzTarPerm extractEntry deps/win/pasori_open_multi.c
433 silly gunzTarPerm extractEntry binding.gyp
434 silly gunzTarPerm extractEntry pafe.cc
435 silly gunzTarPerm extractEntry pasori.cc
436 silly gunzTarPerm extractEntry pasori.h
437 silly gunzTarPerm extractEntry log.txt
438 silly lockFile d7168eda-a-npm-node-libpafe-0-0-1-package tar:///Users/hiroya/.npm/node-libpafe/0.0.1/package
439 silly lockFile d7168eda-a-npm-node-libpafe-0-0-1-package tar:///Users/hiroya/.npm/node-libpafe/0.0.1/package
440 silly lockFile 0b1bcf3c-m-node-libpafe-0-0-1-package-tgz tar:///Users/hiroya/.npm/node-libpafe/0.0.1/package.tgz
441 silly lockFile 0b1bcf3c-m-node-libpafe-0-0-1-package-tgz tar:///Users/hiroya/.npm/node-libpafe/0.0.1/package.tgz
442 verbose chmod /Users/hiroya/.npm/node-libpafe/0.0.1/package.tgz 644
443 verbose chown /Users/hiroya/.npm/node-libpafe/0.0.1/package.tgz [ 501, 20 ]
444 silly lockFile 04396d28--com-kubohiroya-node-libpafe-git git://github.com/kubohiroya/node-libpafe.git
445 silly lockFile 04396d28--com-kubohiroya-node-libpafe-git git://github.com/kubohiroya/node-libpafe.git
446 silly resolved [ { author: { name: 'Hiroya Kubo', email: 'hiroya@cuc.ac.jp' },
446 silly resolved     name: 'node-libpafe',
446 silly resolved     description: 'libpafe wrapper addon',
446 silly resolved     version: '0.0.1',
446 silly resolved     homepage: 'https://github.com/kubohiroya/node-libpafe',
446 silly resolved     repository:
446 silly resolved      { type: 'git',
446 silly resolved        url: 'git://github.com/kubohiroya/node-libpafe.git' },
446 silly resolved     engines: { node: '~0.6.6' },
446 silly resolved     dependencies: {},
446 silly resolved     devDependencies: {},
446 silly resolved     scripts: { install: 'node-gyp rebuild' },
446 silly resolved     gypfile: true,
446 silly resolved     readme: '\'pafe\' : PaSoRi-Felica module as a Node.js extention using libpafe\n',
446 silly resolved     readmeFilename: 'README.md',
446 silly resolved     bugs: { url: 'https://github.com/kubohiroya/node-libpafe/issues' },
446 silly resolved     _id: 'node-libpafe@0.0.1',
446 silly resolved     dist: { shasum: 'fcb9d05fab1f9230907a7d76c2c62badd275404f' },
446 silly resolved     _resolved: 'git://github.com/kubohiroya/node-libpafe.git#c2f65e7ad8326473a45a4f1ddb63a6921f0a5436',
446 silly resolved     _from: 'node-libpafe@git://github.com/kubohiroya/node-libpafe.git' } ]
447 info install node-libpafe@0.0.1 into /Users/hiroya/Documents/studentIDReader.js
448 info installOne node-libpafe@0.0.1
449 warn engine node-libpafe@0.0.1: wanted: {"node":"~0.6.6"} (current: {"node":"v0.10.22","npm":"1.3.14"})
450 info /Users/hiroya/Documents/studentIDReader.js/node_modules/node-libpafe unbuild
451 verbose tar unpack /Users/hiroya/.npm/node-libpafe/0.0.1/package.tgz
452 silly lockFile 3534343b-der-js-node-modules-node-libpafe tar:///Users/hiroya/Documents/studentIDReader.js/node_modules/node-libpafe
453 verbose lock tar:///Users/hiroya/Documents/studentIDReader.js/node_modules/node-libpafe /Users/hiroya/.npm/3534343b-der-js-node-modules-node-libpafe.lock
454 silly lockFile 0b1bcf3c-m-node-libpafe-0-0-1-package-tgz tar:///Users/hiroya/.npm/node-libpafe/0.0.1/package.tgz
455 verbose lock tar:///Users/hiroya/.npm/node-libpafe/0.0.1/package.tgz /Users/hiroya/.npm/0b1bcf3c-m-node-libpafe-0-0-1-package-tgz.lock
456 silly gunzTarPerm modes [ '755', '644' ]
457 silly gunzTarPerm extractEntry package.json
458 silly gunzTarPerm extractEntry .npmignore
459 silly gunzTarPerm extractEntry README.md
460 silly gunzTarPerm extractEntry test.js
461 silly gunzTarPerm extractEntry felica.cc
462 silly gunzTarPerm extractEntry felica.h
463 silly gunzTarPerm extractEntry deps/mac_linux/libpafe/.npmignore
464 silly gunzTarPerm extractEntry deps/mac_linux/libpafe/README
465 silly gunzTarPerm extractEntry deps/mac_linux/libpafe/COPYING
466 silly gunzTarPerm extractEntry deps/mac_linux/libpafe/ChangeLog
467 silly gunzTarPerm extractEntry deps/mac_linux/libpafe/INSTALL
468 silly gunzTarPerm extractEntry deps/mac_linux/libpafe/Makefile.am
469 silly gunzTarPerm extractEntry deps/mac_linux/libpafe/Makefile.in
470 silly gunzTarPerm extractEntry deps/mac_linux/libpafe/NEWS
471 silly gunzTarPerm extractEntry deps/mac_linux/libpafe/src/Makefile.am
472 silly gunzTarPerm extractEntry deps/mac_linux/libpafe/src/Makefile.in
473 silly gunzTarPerm extractEntry deps/mac_linux/libpafe/src/felica_command.c
474 silly gunzTarPerm extractEntry deps/mac_linux/libpafe/src/felica_command.h
475 silly gunzTarPerm extractEntry deps/mac_linux/libpafe/src/libpafe.h
476 silly gunzTarPerm extractEntry deps/mac_linux/libpafe/src/pasori_command.c
477 silly gunzTarPerm extractEntry deps/mac_linux/libpafe/src/pasori_command.h
478 silly gunzTarPerm extractEntry deps/mac_linux/libpafe/aclocal.m4
479 silly gunzTarPerm extractEntry deps/mac_linux/libpafe/compile
480 silly gunzTarPerm extractEntry deps/mac_linux/libpafe/AUTHORS
481 silly gunzTarPerm extractEntry deps/mac_linux/libpafe/config.h.in
482 silly gunzTarPerm extractEntry deps/mac_linux/libpafe/config.sub
483 silly gunzTarPerm extractEntry deps/mac_linux/libpafe/configure
484 silly gunzTarPerm extractEntry deps/mac_linux/libpafe/configure.in
485 silly gunzTarPerm extractEntry deps/mac_linux/libpafe/depcomp
486 silly gunzTarPerm extractEntry deps/mac_linux/libpafe/install-sh
487 silly gunzTarPerm extractEntry deps/mac_linux/libpafe/ltmain.sh
488 silly gunzTarPerm extractEntry deps/mac_linux/libpafe/missing
489 silly gunzTarPerm extractEntry deps/mac_linux/libpafe/mkinstalldirs
490 silly gunzTarPerm extractEntry deps/mac_linux/libpafe/config.guess
491 silly gunzTarPerm extractEntry deps/mac_linux/libusb-1.0.9/.npmignore
492 silly gunzTarPerm extractEntry deps/mac_linux/libusb-1.0.9/README
493 silly gunzTarPerm extractEntry deps/mac_linux/libusb-1.0.9/COPYING
494 silly gunzTarPerm extractEntry deps/mac_linux/libusb-1.0.9/INSTALL
495 silly gunzTarPerm extractEntry deps/mac_linux/libusb-1.0.9/Makefile.am
496 silly gunzTarPerm extractEntry deps/mac_linux/libusb-1.0.9/NEWS
497 silly gunzTarPerm extractEntry deps/mac_linux/libusb-1.0.9/PORTING
498 silly gunzTarPerm extractEntry deps/mac_linux/libusb-1.0.9/msvc/libusb_static.vcproj
499 silly gunzTarPerm extractEntry deps/mac_linux/libusb-1.0.9/msvc/config.h
500 silly gunzTarPerm extractEntry deps/mac_linux/libusb-1.0.9/msvc/inttypes.h
501 silly gunzTarPerm extractEntry deps/mac_linux/libusb-1.0.9/msvc/libusb.dsw
502 silly gunzTarPerm extractEntry deps/mac_linux/libusb-1.0.9/msvc/libusb_dll.dsp
503 silly gunzTarPerm extractEntry deps/mac_linux/libusb-1.0.9/msvc/libusb_dll.vcproj
504 silly gunzTarPerm extractEntry deps/mac_linux/libusb-1.0.9/msvc/libusb_dll.vcxproj
505 silly gunzTarPerm extractEntry deps/mac_linux/libusb-1.0.9/msvc/libusb_dll.vcxproj.filters
506 silly gunzTarPerm extractEntry deps/mac_linux/libusb-1.0.9/msvc/libusb_sources
507 silly gunzTarPerm extractEntry deps/mac_linux/libusb-1.0.9/msvc/libusb_static.dsp
508 silly gunzTarPerm extractEntry deps/mac_linux/libusb-1.0.9/msvc/ddk_build.cmd
509 silly gunzTarPerm extractEntry deps/mac_linux/libusb-1.0.9/msvc/libusb_static.vcxproj
510 silly gunzTarPerm extractEntry deps/mac_linux/libusb-1.0.9/msvc/libusb_static.vcxproj.filters
511 silly gunzTarPerm extractEntry deps/mac_linux/libusb-1.0.9/msvc/libusb_vs2005.sln
512 silly gunzTarPerm extractEntry deps/mac_linux/libusb-1.0.9/msvc/libusb_vs2010.sln
513 silly gunzTarPerm extractEntry deps/mac_linux/libusb-1.0.9/msvc/listdevs.dsp
514 silly gunzTarPerm extractEntry deps/mac_linux/libusb-1.0.9/msvc/listdevs.vcproj
515 silly gunzTarPerm extractEntry deps/mac_linux/libusb-1.0.9/msvc/listdevs.vcxproj
516 silly gunzTarPerm extractEntry deps/mac_linux/libusb-1.0.9/msvc/listdevs.vcxproj.filters
517 silly gunzTarPerm extractEntry deps/mac_linux/libusb-1.0.9/msvc/listdevs_sources
518 silly gunzTarPerm extractEntry deps/mac_linux/libusb-1.0.9/msvc/stdint.h
519 silly gunzTarPerm extractEntry deps/mac_linux/libusb-1.0.9/AUTHORS
520 silly gunzTarPerm extractEntry deps/mac_linux/libusb-1.0.9/TODO
521 silly gunzTarPerm extractEntry deps/mac_linux/libusb-1.0.9/configure.ac
522 silly gunzTarPerm extractEntry deps/mac_linux/libusb-1.0.9/doc/Makefile.am
523 silly gunzTarPerm extractEntry deps/mac_linux/libusb-1.0.9/doc/doxygen.cfg.in
524 silly gunzTarPerm extractEntry deps/mac_linux/libusb-1.0.9/examples/Makefile.am
525 silly gunzTarPerm extractEntry deps/mac_linux/libusb-1.0.9/examples/dpfp.c
526 silly gunzTarPerm extractEntry deps/mac_linux/libusb-1.0.9/examples/dpfp_threaded.c
527 silly gunzTarPerm extractEntry deps/mac_linux/libusb-1.0.9/examples/listdevs.c
528 silly gunzTarPerm extractEntry deps/mac_linux/libusb-1.0.9/libusb/libusb-1.0.rc
529 silly gunzTarPerm extractEntry deps/mac_linux/libusb-1.0.9/libusb/Makefile.am
530 silly gunzTarPerm extractEntry deps/mac_linux/libusb-1.0.9/libusb/descriptor.c
531 silly gunzTarPerm extractEntry deps/mac_linux/libusb-1.0.9/libusb/io.c
532 silly gunzTarPerm extractEntry deps/mac_linux/libusb-1.0.9/libusb/libusb-1.0.def
533 silly gunzTarPerm extractEntry deps/mac_linux/libusb-1.0.9/libusb/core.c
534 silly gunzTarPerm extractEntry deps/mac_linux/libusb-1.0.9/libusb/libusb.h
535 silly gunzTarPerm extractEntry deps/mac_linux/libusb-1.0.9/libusb/libusbi.h
536 silly gunzTarPerm extractEntry deps/mac_linux/libusb-1.0.9/libusb/os/poll_windows.h
537 silly gunzTarPerm extractEntry deps/mac_linux/libusb-1.0.9/libusb/os/darwin_usb.c
538 silly gunzTarPerm extractEntry deps/mac_linux/libusb-1.0.9/libusb/os/linux_usbfs.c
539 silly gunzTarPerm extractEntry deps/mac_linux/libusb-1.0.9/libusb/os/linux_usbfs.h
540 silly gunzTarPerm extractEntry deps/mac_linux/libusb-1.0.9/libusb/os/openbsd_usb.c
541 silly gunzTarPerm extractEntry deps/mac_linux/libusb-1.0.9/libusb/os/poll_posix.h
542 silly gunzTarPerm extractEntry deps/mac_linux/libusb-1.0.9/libusb/os/poll_windows.c
543 silly gunzTarPerm extractEntry deps/mac_linux/libusb-1.0.9/libusb/os/darwin_usb.h
544 silly gunzTarPerm extractEntry deps/mac_linux/libusb-1.0.9/libusb/os/threads_posix.c
545 silly gunzTarPerm extractEntry deps/mac_linux/libusb-1.0.9/libusb/os/threads_posix.h
546 silly gunzTarPerm extractEntry deps/mac_linux/libusb-1.0.9/libusb/os/threads_windows.c
547 silly gunzTarPerm extractEntry deps/mac_linux/libusb-1.0.9/libusb/os/threads_windows.h
548 silly gunzTarPerm extractEntry deps/mac_linux/libusb-1.0.9/libusb/os/windows_usb.c
549 silly gunzTarPerm extractEntry deps/mac_linux/libusb-1.0.9/libusb/os/windows_usb.h
550 silly gunzTarPerm extractEntry deps/mac_linux/libusb-1.0.9/libusb/sync.c
551 silly gunzTarPerm extractEntry deps/mac_linux/libusb-1.0.9/libusb/version.h
552 silly gunzTarPerm extractEntry deps/mac_linux/libusb-1.0.9/libusb-1.0.pc.in
553 silly gunzTarPerm extractEntry deps/mac_linux/libusb-1.0.9/THANKS
554 silly gunzTarPerm extractEntry deps/win/felicalib/felicaint.h
555 silly gunzTarPerm extractEntry deps/win/felicalib/felicalib.c
556 silly gunzTarPerm extractEntry deps/win/felicalib/felicalib.h
557 silly gunzTarPerm extractEntry deps/win/include/pasori_open_multi.h
558 silly gunzTarPerm extractEntry deps/win/pasori_open_multi.c
559 silly gunzTarPerm extractEntry binding.gyp
560 silly gunzTarPerm extractEntry pafe.cc
561 silly gunzTarPerm extractEntry pasori.cc
562 silly gunzTarPerm extractEntry pasori.h
563 silly gunzTarPerm extractEntry log.txt
564 silly lockFile 3534343b-der-js-node-modules-node-libpafe tar:///Users/hiroya/Documents/studentIDReader.js/node_modules/node-libpafe
565 silly lockFile 3534343b-der-js-node-modules-node-libpafe tar:///Users/hiroya/Documents/studentIDReader.js/node_modules/node-libpafe
566 silly lockFile 0b1bcf3c-m-node-libpafe-0-0-1-package-tgz tar:///Users/hiroya/.npm/node-libpafe/0.0.1/package.tgz
567 silly lockFile 0b1bcf3c-m-node-libpafe-0-0-1-package-tgz tar:///Users/hiroya/.npm/node-libpafe/0.0.1/package.tgz
568 info preinstall node-libpafe@0.0.1
569 verbose readDependencies using package.json deps
570 verbose readDependencies using package.json deps
571 silly resolved []
572 verbose about to build /Users/hiroya/Documents/studentIDReader.js/node_modules/node-libpafe
573 info build /Users/hiroya/Documents/studentIDReader.js/node_modules/node-libpafe
574 verbose linkStuff [ false,
574 verbose linkStuff   false,
574 verbose linkStuff   false,
574 verbose linkStuff   '/Users/hiroya/Documents/studentIDReader.js/node_modules' ]
575 info linkStuff node-libpafe@0.0.1
576 verbose linkBins node-libpafe@0.0.1
577 verbose linkMans node-libpafe@0.0.1
578 verbose rebuildBundles node-libpafe@0.0.1
579 info install node-libpafe@0.0.1
580 verbose unsafe-perm in lifecycle true
581 info node-libpafe@0.0.1 Failed to exec install script
582 info /Users/hiroya/Documents/studentIDReader.js/node_modules/node-libpafe unbuild
583 info preuninstall node-libpafe@0.0.1
584 info uninstall node-libpafe@0.0.1
585 verbose true,/Users/hiroya/Documents/studentIDReader.js/node_modules,/Users/hiroya/Documents/studentIDReader.js/node_modules unbuild node-libpafe@0.0.1
586 info postuninstall node-libpafe@0.0.1
587 error node-libpafe@0.0.1 install: `node-gyp rebuild`
587 error Exit status 1
588 error Failed at the node-libpafe@0.0.1 install script.
588 error This is most likely a problem with the node-libpafe package,
588 error not with npm itself.
588 error Tell the author that this fails on your system:
588 error     node-gyp rebuild
588 error You can get their info via:
588 error     npm owner ls node-libpafe
588 error There is likely additional logging output above.
589 error System Darwin 13.0.1
590 error command "node" "/usr/local/bin/npm" "install"
591 error cwd /Users/hiroya/Documents/studentIDReader.js
592 error node -v v0.10.22
593 error npm -v 1.3.14
594 error code ELIFECYCLE
595 verbose exit [ 1, true ]
